TN:
SF:src/Note.ts
FN:6,(anonymous_0)
FN:34,(anonymous_1)
FNF:2
FNH:2
FNDA:1,(anonymous_0)
FNDA:7,(anonymous_1)
DA:6,1
DA:25,1
DA:35,7
DA:36,7
DA:37,7
DA:38,7
DA:40,3
DA:41,3
DA:42,3
DA:44,1
DA:45,1
DA:46,1
DA:48,1
DA:49,1
DA:50,1
DA:52,2
DA:53,2
DA:54,2
LF:18
LH:18
BRDA:6,0,0,1
BRDA:6,0,1,1
BRDA:37,1,0,3
BRDA:39,2,0,3
BRDA:39,2,1,1
BRDA:39,2,2,1
BRDA:39,2,3,2
BRF:7
BRH:7
end_of_record
TN:
SF:src/ProcessNote.ts
FN:16,(anonymous_0)
FN:21,(anonymous_1)
FN:37,(anonymous_2)
FN:51,(anonymous_3)
FN:66,(anonymous_4)
FN:82,(anonymous_5)
FN:83,(anonymous_6)
FN:94,(anonymous_7)
FN:112,(anonymous_8)
FN:123,(anonymous_9)
FN:139,(anonymous_10)
FNF:11
FNH:11
FNDA:4,(anonymous_0)
FNDA:1,(anonymous_1)
FNDA:1,(anonymous_2)
FNDA:1,(anonymous_3)
FNDA:1,(anonymous_4)
FNDA:1,(anonymous_5)
FNDA:1,(anonymous_6)
FNDA:2,(anonymous_7)
FNDA:2,(anonymous_8)
FNDA:2,(anonymous_9)
FNDA:5,(anonymous_10)
DA:2,1
DA:3,1
DA:10,1
DA:16,4
DA:22,1
DA:23,1
DA:24,1
DA:25,1
DA:27,0
DA:38,1
DA:39,1
DA:40,1
DA:42,0
DA:52,1
DA:53,1
DA:54,1
DA:55,1
DA:57,0
DA:67,1
DA:68,0
DA:70,0
DA:73,1
DA:76,1
DA:83,1
DA:85,1
DA:95,2
DA:96,2
DA:97,2
DA:98,2
DA:99,2
DA:100,2
DA:101,2
DA:104,0
DA:113,2
DA:114,2
DA:124,2
DA:125,1
DA:126,1
DA:127,1
DA:128,0
DA:130,2
DA:140,5
DA:141,1
DA:143,4
LF:44
LH:37
BRDA:23,0,0,1
BRDA:23,0,1,0
BRDA:38,1,0,1
BRDA:38,1,1,0
BRDA:52,2,0,1
BRDA:52,2,1,0
BRDA:67,3,0,0
BRDA:67,3,1,1
BRDA:95,4,0,2
BRDA:95,4,1,0
BRDA:124,5,0,1
BRDA:124,5,1,1
BRDA:124,6,0,2
BRDA:124,6,1,1
BRDA:127,7,0,0
BRDA:127,7,1,1
BRDA:140,8,0,1
BRDA:140,8,1,4
BRF:18
BRH:12
end_of_record
